<?xml version="1.0" encoding="UTF-8"?>
<testsuite xmlns:xsi="http://www.w3.org/2001/XMLSchema-instance" xsi:noNamespaceSchemaLocation="https://maven.apache.org/surefire/maven-surefire-plugin/xsd/surefire-test-report.xsd" name="courier.CourierRegisterTest" time="11.952" tests="5" errors="0" skipped="0" failures="0">
  <properties>
[...]
</properties>
  <testcase name="shouldNotCreateCourierWithoutLogin" classname="courier.CourierRegisterTest" time="5.261"/>
  <testcase name="shouldCreateCourierWithAllParams" classname="courier.CourierRegisterTest" time="2.314"/>
  <testcase name="shouldNotCreateCourierWithExistingLogin" classname="courier.CourierRegisterTest" time="2.105"/>
  <testcase name="shouldNotCreateCourierWithoutPassword" classname="courier.CourierRegisterTest" time="0.766"/>
  <testcase name="shouldCreateCourierWithoutFirstName" classname="courier.CourierRegisterTest" time="1.276"/>
</testsuite>