<?xml version="1.0" encoding="UTF-8"?>
<testsuite xmlns:xsi="http://www.w3.org/2001/XMLSchema-instance" xsi:noNamespaceSchemaLocation="https://maven.apache.org/surefire/maven-surefire-plugin/xsd/surefire-test-report.xsd" name="courier.CourierAuthTest" time="72.456" tests="5" errors="0" skipped="0" failures="1">
  <properties>
[...]
</properties>
  <testcase name="shouldNotAuthWithUnregisteredCredentials" classname="courier.CourierAuthTest" time="1.933"/>
  <testcase name="shouldNotAuthWithoutPassword" classname="courier.CourierAuthTest" time="62.937">
    <failure message="1 expectation failed.&#10;Expected status code &lt;400&gt; but was &lt;504&gt;.&#10;" type="java.lang.AssertionError"><![CDATA[java.lang.AssertionError: 
1 expectation failed.
Expected status code <400> but was <504>.

	at courier.CourierAuthTest.shouldNotAuthWithoutPassword(CourierAuthTest.java:96)
]]></failure>
    <system-out><![CDATA[Request method:	POST
Request URI:	http://qa-scooter.praktikum-services.ru/api/v1/courier
Proxy:			<none>
Request params:	<none>
Query params:	<none>
Form params:	<none>
Path params:	<none>
Headers:		Accept=*/*
				Content-Type=application/json
Cookies:		<none>
Multiparts:		<none>
Body:
{
    "login": "CBpeSTY4uf2B",
    "password": "password1234",
    "firstName": "НоччПтЗвЩНмРГиолЫфъЪАЫюЛПЙюю"
}
{
    "ok": true
}
HTTP/1.1 201 Created
Access-Control-Allow-Origin: *
Content-Length: 11
Content-Type: application/json; charset=utf-8
Date: Tue, 18 Oct 2022 19:15:30 GMT
ETag: W/"b-Ai2R8hgEarLmHKwesT1qcY913ys"
Set-Cookie: _yasc=/AOsgkw29/FZZnA4zc9ykNw2R1cLODzgCSF+XYy2IfFY/CPzF46N566cmHhT; domain=.praktikum-services.ru; path=/; expires=Fri, 15-Oct-2032 19:15:30 GMT; secure
X-Powered-By: Express
X-Request-Id: 1666120530516614-16868384125180172078

{
    "ok": true
}
Request method:	POST
Request URI:	http://qa-scooter.praktikum-services.ru/api/v1/courier/login
Proxy:			<none>
Request params:	<none>
Query params:	<none>
Form params:	<none>
Path params:	<none>
Headers:		Accept=*/*
				Content-Type=application/json
Cookies:		<none>
Multiparts:		<none>
Body:
{
    "login": "CBpeSTY4uf2B",
    "password": "password1234"
}
{
    "id": 115147
}
HTTP/1.1 200 OK
Access-Control-Allow-Origin: *
Content-Length: 13
Content-Type: application/json; charset=utf-8
Date: Tue, 18 Oct 2022 19:15:31 GMT
ETag: W/"d-/dYvytjNT0bAl+PxXy9RJbNSnXw"
Set-Cookie: _yasc=6LjZP/Mu4eMADvIbkarRkck0rFhM1OqsvcPfUp9Guh1LN2Wo3+jJEVR1Pgc=; domain=.praktikum-services.ru; path=/; expires=Fri, 15-Oct-2032 19:15:31 GMT; secure
X-Powered-By: Express
X-Request-Id: 1666120531584299-1678297475544512864

{
    "id": 115147
}
Request method:	POST
Request URI:	http://qa-scooter.praktikum-services.ru/api/v1/courier/login
Proxy:			<none>
Request params:	<none>
Query params:	<none>
Form params:	<none>
Path params:	<none>
Headers:		Accept=*/*
				Content-Type=application/json
Cookies:		<none>
Multiparts:		<none>
Body:
{
    "login": "CBpeSTY4uf2B",
    "password": "password1234"
}
{
    "id": 115147
}
HTTP/1.1 200 OK
Access-Control-Allow-Origin: *
Content-Length: 13
Content-Type: application/json; charset=utf-8
Date: Tue, 18 Oct 2022 19:15:32 GMT
ETag: W/"d-/dYvytjNT0bAl+PxXy9RJbNSnXw"
Set-Cookie: _yasc=vZQTHIcVTnO2eJZ8TB10J0hGnXu0J343rOgyVYsFe+uyRnaJFnSOK1qyYkjv; domain=.praktikum-services.ru; path=/; expires=Fri, 15-Oct-2032 19:15:31 GMT; secure
X-Powered-By: Express
X-Request-Id: 1666120531995939-568192520154172732

{
    "id": 115147
}
Request method:	POST
Request URI:	http://qa-scooter.praktikum-services.ru/api/v1/courier/login
Proxy:			<none>
Request params:	<none>
Query params:	<none>
Form params:	<none>
Path params:	<none>
Headers:		Accept=*/*
				Content-Type=application/json
Cookies:		<none>
Multiparts:		<none>
Body:
{
    "login": "CBpeSTY4uf2B"
}
Service unavailable
HTTP/1.1 504 Gateway time out
Content-Length: 19
Set-Cookie: _yasc=kdLN7MzOwcvVqCSpnhjLzcTIHpvyqGqLZDHT6ZkTsKHjfVZcjyONAb69R+ps; domain=.praktikum-services.ru; path=/; expires=Fri, 15-Oct-2032 19:15:32 GMT; secure
X-Request-Id: 1666120532334772-5591993588851035958

Service unavailable
Request method:	DELETE
Request URI:	http://qa-scooter.praktikum-services.ru/api/v1/courier/115147
Proxy:			<none>
Request params:	<none>
Query params:	<none>
Form params:	<none>
Path params:	id=115147
Headers:		Accept=*/*
				Content-Type=application/json
Cookies:		<none>
Multiparts:		<none>
Body:
{
    "id": "115147"
}
{
    "ok": true
}
HTTP/1.1 200 OK
Access-Control-Allow-Origin: *
Content-Length: 11
Content-Type: application/json; charset=utf-8
Date: Tue, 18 Oct 2022 19:16:33 GMT
ETag: W/"b-Ai2R8hgEarLmHKwesT1qcY913ys"
Set-Cookie: _yasc=4+PnqGq6Usq6fdUXpUGjYn6YPj62CE8P0jPcofSwQvh8p2r1PkMzbdV0TvJ7; domain=.praktikum-services.ru; path=/; expires=Fri, 15-Oct-2032 19:16:33 GMT; secure
X-Powered-By: Express
X-Request-Id: 1666120593026866-12661043327718676466

{
    "ok": true
}
]]></system-out>
  </testcase>
  <testcase name="shouldNotAuthWithoutLogin" classname="courier.CourierAuthTest" time="2.276"/>
  <testcase name="shouldAuthWithValidCredentials" classname="courier.CourierAuthTest" time="2.46"/>
  <testcase name="shouldNotAuthWithIncorrectCredentials" classname="courier.CourierAuthTest" time="2.833"/>
</testsuite>