<?xml version="1.0" encoding="UTF-8"?>
<testsuite xmlns:xsi="http://www.w3.org/2001/XMLSchema-instance" xsi:noNamespaceSchemaLocation="https://maven.apache.org/surefire/maven-surefire-plugin/xsd/surefire-test-report.xsd" name="orders.OrdersAcceptTest" time="21.547" tests="6" errors="0" skipped="0" failures="1">
  <properties>
[...]
</properties>
  <testcase name="shouldNotAcceptOrderWithoutCourierId" classname="orders.OrdersAcceptTest" time="3.221"/>
  <testcase name="shouldNotAcceptOrderWithoutOrderId" classname="orders.OrdersAcceptTest" time="3.091">
    <failure message="1 expectation failed.&#10;Expected status code &lt;400&gt; but was &lt;404&gt;.&#10;" type="java.lang.AssertionError"><![CDATA[java.lang.AssertionError: 
1 expectation failed.
Expected status code <400> but was <404>.

	at orders.OrdersAcceptTest.shouldNotAcceptOrderWithoutOrderId(OrdersAcceptTest.java:67)
]]></failure>
    <system-out><![CDATA[Request method:	POST
Request URI:	http://qa-scooter.praktikum-services.ru/api/v1/orders
Proxy:			<none>
Request params:	<none>
Query params:	<none>
Form params:	<none>
Path params:	<none>
Headers:		Accept=*/*
				Content-Type=application/json
Cookies:		<none>
Multiparts:		<none>
Body:
{
    "firstName": "РзиЮ",
    "lastName": "Пю",
    "address": "ьГУШыАыЧчЕцтптЁлВП",
    "metroStation": 221,
    "phone": "63891559522",
    "rentTime": 3,
    "deliveryDate": "2023-07-24",
    "comment": "4яЙибрАдеВ04ЬЕсЮн96шлио1БрОЗюрЮы"
}
{
    "track": 718722
}
HTTP/1.1 201 Created
Access-Control-Allow-Origin: *
Content-Length: 16
Content-Type: application/json; charset=utf-8
Date: Tue, 18 Oct 2022 19:17:23 GMT
ETag: W/"10-lYUB7m1VHfMJkqQsIKtcuyGYB3I"
Set-Cookie: _yasc=nEc+47YORkjq9hOd9KU8an2a+J3scOxv0SJ0fO595CuNZBkgttj7FVjP7BwP; domain=.praktikum-services.ru; path=/; expires=Fri, 15-Oct-2032 19:17:23 GMT; secure
X-Powered-By: Express
X-Request-Id: 1666120643461238-5989516255613232250

{
    "track": 718722
}
Request method:	GET
Request URI:	http://qa-scooter.praktikum-services.ru/api/v1/orders/track?t=718722
Proxy:			<none>
Request params:	<none>
Query params:	t=718722
Form params:	<none>
Path params:	<none>
Headers:		Accept=*/*
				Content-Type=application/json
Cookies:		<none>
Multiparts:		<none>
Body:			<none>
{
    "order": {
        "id": 99305,
        "firstName": "РзиЮ",
        "lastName": "Пю",
        "address": "ьГУШыАыЧчЕцтптЁлВП",
        "metroStation": "221",
        "phone": "63891559522",
        "rentTime": 3,
        "deliveryDate": "2023-07-24T00:00:00.000Z",
        "track": 718722,
        "color": null,
        "comment": "4яЙибрАдеВ04ЬЕсЮн96шлио1БрОЗюрЮы",
        "cancelled": false,
        "finished": false,
        "inDelivery": false,
        "createdAt": "2022-10-18T19:17:23.554Z",
        "updatedAt": "2022-10-18T19:17:23.554Z",
        "status": 0
    }
}
HTTP/1.1 200 OK
Access-Control-Allow-Origin: *
Content-Length: 452
Content-Type: application/json; charset=utf-8
Date: Tue, 18 Oct 2022 19:17:24 GMT
ETag: W/"1c4-S7AKYmi5ylcg0NpI8hQPExUqeCk"
Set-Cookie: _yasc=eOOf8b/Fw8b22rScuCAVauf5DqEEdpOM7dcv3dmQakgkF9CxwegZIWY68LQ=; domain=.praktikum-services.ru; path=/; expires=Fri, 15-Oct-2032 19:17:23 GMT; secure
X-Powered-By: Express
X-Request-Id: 1666120643995898-14888914990252567540

{
    "order": {
        "id": 99305,
        "firstName": "РзиЮ",
        "lastName": "Пю",
        "address": "ьГУШыАыЧчЕцтптЁлВП",
        "metroStation": "221",
        "phone": "63891559522",
        "rentTime": 3,
        "deliveryDate": "2023-07-24T00:00:00.000Z",
        "track": 718722,
        "color": null,
        "comment": "4яЙибрАдеВ04ЬЕсЮн96шлио1БрОЗюрЮы",
        "cancelled": false,
        "finished": false,
        "inDelivery": false,
        "createdAt": "2022-10-18T19:17:23.554Z",
        "updatedAt": "2022-10-18T19:17:23.554Z",
        "status": 0
    }
}
Request method:	POST
Request URI:	http://qa-scooter.praktikum-services.ru/api/v1/courier
Proxy:			<none>
Request params:	<none>
Query params:	<none>
Form params:	<none>
Path params:	<none>
Headers:		Accept=*/*
				Content-Type=application/json
Cookies:		<none>
Multiparts:		<none>
Body:
{
    "login": "7whg79Eu0U2f",
    "password": "password1234",
    "firstName": "югИИСДВЖЯэШвЪ"
}
{
    "ok": true
}
HTTP/1.1 201 Created
Access-Control-Allow-Origin: *
Content-Length: 11
Content-Type: application/json; charset=utf-8
Date: Tue, 18 Oct 2022 19:17:24 GMT
ETag: W/"b-Ai2R8hgEarLmHKwesT1qcY913ys"
Set-Cookie: _yasc=65QsqxifQv0OxToRCHXZ1H5ANIL/IjnoKKQf76glqsyZVMfaSzrY2kkbIfPr; domain=.praktikum-services.ru; path=/; expires=Fri, 15-Oct-2032 19:17:24 GMT; secure
X-Powered-By: Express
X-Request-Id: 1666120644395438-14646018007883531504

{
    "ok": true
}
Request method:	POST
Request URI:	http://qa-scooter.praktikum-services.ru/api/v1/courier/login
Proxy:			<none>
Request params:	<none>
Query params:	<none>
Form params:	<none>
Path params:	<none>
Headers:		Accept=*/*
				Content-Type=application/json
Cookies:		<none>
Multiparts:		<none>
Body:
{
    "login": "7whg79Eu0U2f",
    "password": "password1234"
}
{
    "id": 115156
}
HTTP/1.1 200 OK
Access-Control-Allow-Origin: *
Content-Length: 13
Content-Type: application/json; charset=utf-8
Date: Tue, 18 Oct 2022 19:17:24 GMT
ETag: W/"d-Pdi4k34XahMoVN48cBDhfaEN8ZU"
Set-Cookie: _yasc=Ss5QYTVkJl0e1OKJDoe249yHVqS/whBt7iL7+LGU7nLPjkgoyvayL8s6pxQ1; domain=.praktikum-services.ru; path=/; expires=Fri, 15-Oct-2032 19:17:24 GMT; secure
X-Powered-By: Express
X-Request-Id: 1666120644758542-18357335157839987194

{
    "id": 115156
}
Request method:	POST
Request URI:	http://qa-scooter.praktikum-services.ru/api/v1/courier/login
Proxy:			<none>
Request params:	<none>
Query params:	<none>
Form params:	<none>
Path params:	<none>
Headers:		Accept=*/*
				Content-Type=application/json
Cookies:		<none>
Multiparts:		<none>
Body:
{
    "login": "7whg79Eu0U2f",
    "password": "password1234"
}
{
    "id": 115156
}
HTTP/1.1 200 OK
Access-Control-Allow-Origin: *
Content-Length: 13
Content-Type: application/json; charset=utf-8
Date: Tue, 18 Oct 2022 19:17:25 GMT
ETag: W/"d-Pdi4k34XahMoVN48cBDhfaEN8ZU"
Set-Cookie: _yasc=D8OPeueDOwHWEP3kAd8o/872fJZDTIyuU+q0kaJ4pcgV5wTCwcq5ewyw48ON; domain=.praktikum-services.ru; path=/; expires=Fri, 15-Oct-2032 19:17:25 GMT; secure
X-Powered-By: Express
X-Request-Id: 1666120645078707-7233005103842429757

{
    "id": 115156
}
Request method:	PUT
Request URI:	http://qa-scooter.praktikum-services.ru/api/v1/orders/accept?courierId=115156
Proxy:			<none>
Request params:	<none>
Query params:	courierId=115156
Form params:	<none>
Path params:	<none>
Headers:		Accept=*/*
				Content-Type=application/json
Cookies:		<none>
Multiparts:		<none>
Body:			<none>
{
    "code": 404,
    "message": "Not Found."
}
HTTP/1.1 404 Not Found
Access-Control-Allow-Origin: *
Content-Length: 35
Content-Type: application/json; charset=utf-8
Date: Tue, 18 Oct 2022 19:17:25 GMT
ETag: W/"23-Yvz185z7FSkcImycPnr136En0mc"
Set-Cookie: _yasc=T1IqFRw5wo6zMJWFtdJysWICKG62HY8ztjww7wMm6aB7USPoCvbmozwWOXw=; domain=.praktikum-services.ru; path=/; expires=Fri, 15-Oct-2032 19:17:25 GMT; secure
X-Powered-By: Express
X-Request-Id: 1666120645423399-18372813505783431681

{
    "code": 404,
    "message": "Not Found."
}
Request method:	PUT
Request URI:	http://qa-scooter.praktikum-services.ru/api/v1/orders/finish/99305
Proxy:			<none>
Request params:	<none>
Query params:	<none>
Form params:	<none>
Path params:	id=99305
Headers:		Accept=*/*
				Content-Type=application/json
Cookies:		<none>
Multiparts:		<none>
Body:			<none>
{
    "code": 409,
    "message": "Этот заказ нельзя завершить"
}
HTTP/1.1 409 Conflict
Access-Control-Allow-Origin: *
Content-Length: 76
Content-Type: application/json; charset=utf-8
Date: Tue, 18 Oct 2022 19:17:25 GMT
ETag: W/"4c-PpITYxSj65P3fhwNSmDh8Mg68OA"
Set-Cookie: _yasc=Q3oA1QPXD1GAmiSqp1L/nDOSG6/SYnp1RD/bvegi4x4KHVsrD4ZviqZdaKE=; domain=.praktikum-services.ru; path=/; expires=Fri, 15-Oct-2032 19:17:25 GMT; secure
X-Powered-By: Express
X-Request-Id: 1666120645821466-7227708235037110159

{
    "code": 409,
    "message": "Этот заказ нельзя завершить"
}
Request method:	DELETE
Request URI:	http://qa-scooter.praktikum-services.ru/api/v1/courier/115156
Proxy:			<none>
Request params:	<none>
Query params:	<none>
Form params:	<none>
Path params:	id=115156
Headers:		Accept=*/*
				Content-Type=application/json
Cookies:		<none>
Multiparts:		<none>
Body:
{
    "id": "115156"
}
{
    "ok": true
}
HTTP/1.1 200 OK
Access-Control-Allow-Origin: *
Content-Length: 11
Content-Type: application/json; charset=utf-8
Date: Tue, 18 Oct 2022 19:17:26 GMT
ETag: W/"b-Ai2R8hgEarLmHKwesT1qcY913ys"
Set-Cookie: _yasc=bG4kmsaMHQ1jp5PGHxa12SFHGEMBwYI6WYmQnyUyVNljYNa1mJuixchJsSw=; domain=.praktikum-services.ru; path=/; expires=Fri, 15-Oct-2032 19:17:26 GMT; secure
X-Powered-By: Express
X-Request-Id: 1666120646214030-4589910821340613274

{
    "ok": true
}
]]></system-out>
  </testcase>
  <testcase name="shouldNotAcceptOrderWithInvalidCourierId" classname="orders.OrdersAcceptTest" time="3.275"/>
  <testcase name="shouldNotAcceptOrderWithInvalidOrderId" classname="orders.OrdersAcceptTest" time="3.935"/>
  <testcase name="shouldAcceptOrder" classname="orders.OrdersAcceptTest" time="4.279"/>
  <testcase name="shouldNotAcceptAcceptedOrder" classname="orders.OrdersAcceptTest" time="3.737"/>
</testsuite>